[debug] [2022-02-28T22:11:18.974Z] ----------------------------------------------------------------------
[debug] [2022-02-28T22:11:18.976Z] Command:       C:\Program Files\nodejs\node.exe C:\Users\Sam\AppData\Roaming\npm\node_modules\firebase-tools\lib\bin\firebase.js init
[debug] [2022-02-28T22:11:18.976Z] CLI Version:   9.11.0
[debug] [2022-02-28T22:11:18.976Z] Platform:      win32
[debug] [2022-02-28T22:11:18.976Z] Node Version:  v12.16.3
[debug] [2022-02-28T22:11:18.977Z] Time:          Mon Feb 28 2022 22:11:18 GMT+0000 (Greenwich Mean Time)
[debug] [2022-02-28T22:11:18.977Z] ----------------------------------------------------------------------
[debug] 
[debug] [2022-02-28T22:11:18.978Z] >>> [apiv2][query] GET https://firebase-public.firebaseio.com/cli.json [none]
[debug] [2022-02-28T22:11:18.998Z] > command requires scopes: ["email","openid","https://www.googleapis.com/auth/cloudplatformprojects.readonly","https://www.googleapis.com/auth/firebase","https://www.googleapis.com/auth/cloud-platform"]
[debug] [2022-02-28T22:11:18.998Z] > authorizing via signed-in user (fattyman234@gmail.com)
[info] 
     ######## #### ########  ######## ########     ###     ######  ########
     ##        ##  ##     ## ##       ##     ##  ##   ##  ##       ##
     ######    ##  ########  ######   ########  #########  ######  ######
     ##        ##  ##    ##  ##       ##     ## ##     ##       ## ##
     ##       #### ##     ## ######## ########  ##     ##  ######  ########

You're about to initialize a Firebase project in this directory:

  C:\Users\Sam\Documents\1UNIVERSITY\Year 3\ASSIGNMENTs\Frameworks\assignment1

[debug] [2022-02-28T22:11:19.409Z] <<< [apiv2][status] GET https://firebase-public.firebaseio.com/cli.json 200
[debug] [2022-02-28T22:11:19.409Z] <<< [apiv2][body] GET https://firebase-public.firebaseio.com/cli.json {"cloudBuildErrorAfter":1594252800000,"cloudBuildWarnAfter":1590019200000,"defaultNode10After":1594252800000,"minVersion":"3.0.5","node8DeploysDisabledAfter":1613390400000,"node8RuntimeDisabledAfter":1615809600000,"node8WarnAfter":1600128000000}
